  SeaSharkpp.cpp
C:\Users\ealegus\source\repos\SeaSharkPP\SeaSharkpp\Tokens.h(18,26): warning C4267: 'initializing': conversion from 'size_t' to 'int', possible loss of data
C:\Users\ealegus\source\repos\SeaSharkPP\SeaSharkpp\Tokens.h(24,43): warning C4244: '-=': conversion from 'double' to 'int', possible loss of data
C:\Users\ealegus\source\repos\SeaSharkPP\SeaSharkpp\Tokens.h(31,42): warning C4244: '+=': conversion from 'double' to 'int', possible loss of data
C:\Users\ealegus\source\repos\SeaSharkPP\SeaSharkpp\Tokens.h(68,38): warning C4244: '+=': conversion from 'double' to 'float', possible loss of data
C:\Users\ealegus\source\repos\SeaSharkPP\SeaSharkpp\Tokens.h(72,37): warning C4244: '+=': conversion from 'double' to 'float', possible loss of data
C:\Users\ealegus\source\repos\SeaSharkPP\SeaSharkpp\Tokens.h(217,28): warning C4244: 'return': conversion from 'int' to 'float', possible loss of data
C:\Users\ealegus\source\repos\SeaSharkPP\SeaSharkpp\ARITHMETICPARSING.h(23,21): warning C4244: '=': conversion from 'int' to 'float', possible loss of data
C:\Users\ealegus\source\repos\SeaSharkPP\SeaSharkpp\ARITHMETICPARSING.h(29,13): warning C4244: '=': conversion from 'int' to 'float', possible loss of data
C:\Users\ealegus\source\repos\SeaSharkPP\SeaSharkpp\ARITHMETICPARSING.h(100,29): warning C4244: '=': conversion from 'int' to 'float', possible loss of data
C:\Users\ealegus\source\repos\SeaSharkPP\SeaSharkpp\StandardLibrary.h(10,25): warning C4244: 'initializing': conversion from 'time_t' to 'unsigned int', possible loss of data
C:\Users\ealegus\source\repos\SeaSharkPP\SeaSharkpp\StandardLibrary.h(539,49): warning C4267: '=': conversion from 'size_t' to 'int', possible loss of data
C:\Users\ealegus\source\repos\SeaSharkPP\SeaSharkpp\StandardLibrary.h(546,45): warning C4267: '=': conversion from 'size_t' to 'int', possible loss of data
C:\Users\ealegus\source\repos\SeaSharkPP\SeaSharkpp\SeaSharkML.h(18,19): warning C4244: 'initializing': conversion from 'time_t' to 'unsigned int', possible loss of data
C:\Users\ealegus\source\repos\SeaSharkPP\SeaSharkpp\SeaSharkML.h(100,1): warning C4267: 'argument': conversion from 'size_t' to 'int', possible loss of data
C:\Users\ealegus\source\repos\SeaSharkPP\SeaSharkpp\SeaSharkML.h(198,1): warning C4267: '=': conversion from 'size_t' to 'int', possible loss of data
C:\Users\ealegus\source\repos\SeaSharkPP\SeaSharkpp\SeaSharkML.h(279,51): warning C4267: '=': conversion from 'size_t' to 'int', possible loss of data
C:\Users\ealegus\source\repos\SeaSharkPP\SeaSharkpp\SeaSharkML.h(304,51): warning C4267: '=': conversion from 'size_t' to 'int', possible loss of data
C:\Users\ealegus\source\repos\SeaSharkPP\SeaSharkpp\SeaSharkML.h(441,47): warning C4267: '=': conversion from 'size_t' to 'int', possible loss of data
C:\Users\ealegus\source\repos\SeaSharkPP\SeaSharkpp\SeaSharkpp.cpp(29,3): warning C4267: 'initializing': conversion from 'size_t' to 'int', possible loss of data
  Generating code
  1 of 1978 functions (<0.1%) were compiled, the rest were copied from previous compilation.
    0 functions were new in current compilation
    15 functions had inline decision re-evaluated but remain unchanged
  Finished generating code
  SeaSharkpp.vcxproj -> C:\Users\ealegus\source\repos\SeaSharkPP\SeaSharkpp\x64\Release\SeaSharkpp.exe
